<?xml version="1.0" encoding="UTF-8"?>
<!-- Generated by org.testng.reporters.JUnitXMLReporter -->
<testsuite hostname="LAPTOP-NI13VV42" ignored="0" name="Default test" tests="4" failures="0" timestamp="08 Mar 2019 19:04:40 GMT" time="0.106" errors="0">
  <testcase name="div" time="0.021" classname="com.qa.tests.DemoTest"/>
  <testcase name="multi" time="0.003" classname="com.qa.tests.DemoTest"/>
  <testcase name="sub" time="0.002" classname="com.qa.tests.DemoTest"/>
  <testcase name="sum" time="0.002" classname="com.qa.tests.DemoTest"/>
</testsuite> <!-- Default test -->
