<?xml version="1.0" encoding="UTF-8"?>
<testng-results skipped="0" failed="0" ignored="0" total="4" passed="4">
  <reporter-output>
  </reporter-output>
  <suite name="com.qa.tests.DemoTest" duration-ms="57" started-at="2019-03-08T19:10:15Z" finished-at="2019-03-08T19:10:15Z">
    <groups>
    </groups>
    <test name="Command line test" duration-ms="57" started-at="2019-03-08T19:10:15Z" finished-at="2019-03-08T19:10:15Z">
      <class name="com.qa.tests.DemoTest">
        <test-method status="PASS" signature="div()[pri:0, instance:com.qa.tests.DemoTest@340f438e]" name="div" duration-ms="14" started-at="2019-03-08T19:10:15Z" finished-at="2019-03-08T19:10:15Z">
          <reporter-output>
          </reporter-output>
        </test-method> <!-- div -->
        <test-method status="PASS" signature="multi()[pri:0, instance:com.qa.tests.DemoTest@340f438e]" name="multi" duration-ms="0" started-at="2019-03-08T19:10:15Z" finished-at="2019-03-08T19:10:15Z">
          <reporter-output>
          </reporter-output>
        </test-method> <!-- multi -->
        <test-method status="PASS" signature="sub()[pri:0, instance:com.qa.tests.DemoTest@340f438e]" name="sub" duration-ms="0" started-at="2019-03-08T19:10:15Z" finished-at="2019-03-08T19:10:15Z">
          <reporter-output>
          </reporter-output>
        </test-method> <!-- sub -->
        <test-method status="PASS" signature="sum()[pri:0, instance:com.qa.tests.DemoTest@340f438e]" name="sum" duration-ms="1" started-at="2019-03-08T19:10:15Z" finished-at="2019-03-08T19:10:15Z">
          <reporter-output>
          </reporter-output>
        </test-method> <!-- sum -->
      </class> <!-- com.qa.tests.DemoTest -->
    </test> <!-- Command line test -->
  </suite> <!-- com.qa.tests.DemoTest -->
</testng-results>
